2026-05-19 06:49:54,100 | INFO | Log file created: logs\2026-05-19T06-49-54_ICJ1_None.log
2026-05-19 06:49:54,100 | INFO | [PREPARE INPUT] invoked
2026-05-19 06:49:54,101 | INFO | [NORMALIZE INPUT] Start
2026-05-19 06:49:54,101 | INFO | [NORMALIZE INPUT] Done | keys=['data', 'agent_route', 'error', 'warnings', 'access_verified', 'remediation_status', 'execution_log']
2026-05-19 06:49:54,102 | INFO | [RUN] invoking graph
2026-05-19 06:49:54,104 | INFO | [NODE] route_model triggered
2026-05-19 06:49:54,106 | INFO | [NODE] fetch_environment_details_node START
2026-05-19 06:49:54,115 | INFO | [ENV SEARCH] customer=icj1 env=None host=None
2026-05-19 06:49:54,117 | INFO | [ENV MATCH FOUND] {'customer_name': 'ICJ1', 'env': 'PROD', 'host': 'gcp-icj1.cloud.com'}
2026-05-19 06:49:54,117 | INFO | [NODE] fetch_environment_details_node END
2026-05-19 06:49:54,118 | INFO | [ACCESS ROUTER] continue
2026-05-19 06:49:54,119 | INFO | [NODE] identify_alert_action_node START
2026-05-19 06:49:54,120 | INFO | [SELECTED AGENT] application_diagnostics_agent
2026-05-19 06:49:54,121 | INFO | [MATCH FOUND] scripts={'cleanup_k8s_volume': 'scripts/kubernetes/cleanup_k8s_volume.sh'}
2026-05-19 06:49:54,122 | INFO | [NODE] identify_alert_action_node END
2026-05-19 06:49:54,123 | INFO | [AGENT ROUTER] application_diagnostics_agent
2026-05-19 06:49:54,125 | INFO | [NODE] login_node START
2026-05-19 06:49:54,381 | INFO | [LOGIN STATUS] Host=gcp-icj1.cloud.com Success=True
2026-05-19 06:49:54,381 | INFO | [NODE] login_node END
2026-05-19 06:49:54,382 | INFO | [NODE] script_executed_node START
2026-05-19 06:49:54,383 | INFO | [SCRIPTS TO EXECUTE] {'cleanup_k8s_volume': 'scripts/kubernetes/cleanup_k8s_volume.sh'}
2026-05-19 06:49:54,385 | INFO | [APPLICATION AGENT] Running diagnostics
2026-05-19 06:49:54,386 | INFO | [EXECUTING SCRIPT] ScriptNo=1 Container=gcp-icj1.cloud.com Action=cleanup_k8s_volume Script=scripts/kubernetes/cleanup_k8s_volume.sh
2026-05-19 06:49:54,654 | INFO | [SCRIPT COMPLETED] ScriptNo=1 Action=cleanup_k8s_volume ExitCode=0
2026-05-19 06:49:54,655 | INFO | [AGENT OUTPUT] {'cleanup_k8s_volume': {'script_no': 1, 'status': 'success', 'container': 'gcp-icj1.cloud.com', 'script': 'scripts/kubernetes/cleanup_k8s_volume.sh', 'stdout': 'Checking PVC usage for\nCleanup logic placeholder...\nKubernetes volume cleanup completed.\n', 'stderr': '', 'return_code': 0}}
2026-05-19 06:49:54,656 | INFO | [NODE] script_executed_node END
2026-05-19 06:52:03,453 | INFO | [RUN] Workflow started
