2026-05-19 06:57:55,113 | INFO | Log file created: logs\2026-05-19T06-57-55_ICJ1_None.log
2026-05-19 06:57:55,114 | INFO | [PREPARE INPUT] invoked
2026-05-19 06:57:55,114 | INFO | [NORMALIZE INPUT] Start
2026-05-19 06:57:55,115 | INFO | [NORMALIZE INPUT] Done | keys=['data', 'agent_route', 'error', 'warnings', 'access_verified', 'remediation_status', 'execution_log']
2026-05-19 06:57:55,115 | INFO | [RUN] invoking graph
2026-05-19 06:57:55,117 | INFO | [NODE] route_model triggered
2026-05-19 06:57:55,118 | INFO | [NODE] fetch_environment_details_node START
2026-05-19 06:57:55,125 | INFO | [ENV SEARCH] customer=icj1 env=None host=None
2026-05-19 06:57:55,126 | INFO | [ENV MATCH FOUND] {'customer_name': 'ICJ1', 'env': 'PROD', 'host': 'gcp-icj1.cloud.com'}
2026-05-19 06:57:55,126 | INFO | [NODE] fetch_environment_details_node END
2026-05-19 06:57:55,127 | INFO | [ACCESS ROUTER] continue
2026-05-19 06:57:55,128 | INFO | [NODE] identify_alert_action_node START
2026-05-19 06:57:55,129 | INFO | [SELECTED AGENT] application_diagnostics_agent
2026-05-19 06:57:55,129 | INFO | [MATCH FOUND] scripts={'cleanup_k8s_volume': 'scripts/kubernetes/cleanup_k8s_volume.sh'}
2026-05-19 06:57:55,130 | INFO | [NODE] identify_alert_action_node END
2026-05-19 06:57:55,131 | INFO | [AGENT ROUTER] application_diagnostics_agent
2026-05-19 06:57:55,133 | INFO | [NODE] login_node START
2026-05-19 06:57:55,387 | INFO | [LOGIN STATUS] Host=gcp-icj1.cloud.com Success=True
2026-05-19 06:57:55,388 | INFO | [NODE] login_node END
2026-05-19 06:57:55,389 | INFO | [NODE] script_executed_node START
2026-05-19 06:57:55,389 | INFO | [SCRIPTS TO EXECUTE] {'cleanup_k8s_volume': 'scripts/kubernetes/cleanup_k8s_volume.sh'}
2026-05-19 06:57:55,391 | INFO | [APPLICATION AGENT] Running diagnostics
2026-05-19 06:57:55,392 | INFO | [EXECUTING SCRIPT] ScriptNo=1 Container=gcp-icj1.cloud.com Action=cleanup_k8s_volume Script=scripts/kubernetes/cleanup_k8s_volume.sh
2026-05-19 06:57:55,656 | INFO | [SCRIPT COMPLETED] ScriptNo=1 Action=cleanup_k8s_volume ExitCode=0
2026-05-19 06:57:55,657 | INFO | [AGENT OUTPUT] {'cleanup_k8s_volume': {'script_no': 1, 'status': 'success', 'container': 'gcp-icj1.cloud.com', 'script': 'scripts/kubernetes/cleanup_k8s_volume.sh', 'stdout': 'Checking PVC usage for\nCleanup logic placeholder...\nKubernetes volume cleanup completed.\n', 'stderr': '', 'return_code': 0}}
2026-05-19 06:57:55,657 | INFO | [NODE] script_executed_node END
