2026-05-19 06:56:06,254 | INFO | Log file created: logs\2026-05-19T06-56-06_ITFX_PROD.log
2026-05-19 06:56:06,254 | INFO | [PREPARE INPUT] invoked
2026-05-19 06:56:06,255 | INFO | [NORMALIZE INPUT] Start
2026-05-19 06:56:06,255 | INFO | [NORMALIZE INPUT] Done | keys=['data', 'agent_route', 'error', 'warnings', 'access_verified', 'remediation_status', 'execution_log']
2026-05-19 06:56:06,256 | INFO | [RUN] invoking graph
2026-05-19 06:56:06,260 | INFO | [NODE] route_model triggered
2026-05-19 06:56:06,261 | INFO | [NODE] fetch_environment_details_node START
2026-05-19 06:56:06,262 | INFO | [ENV SEARCH] customer=itfx env=PROD host=None
2026-05-19 06:56:06,263 | INFO | [ENV MATCH FOUND] {'customer_name': 'ITFX', 'env': 'PROD', 'host': 'gcp-itfx-prod.cloud.com'}
2026-05-19 06:56:06,263 | INFO | [NODE] fetch_environment_details_node END
2026-05-19 06:56:06,264 | INFO | [ACCESS ROUTER] continue
2026-05-19 06:56:06,265 | INFO | [NODE] identify_alert_action_node START
2026-05-19 06:56:06,265 | INFO | [SELECTED AGENT] network_diagnostics_agent
2026-05-19 06:56:06,266 | INFO | [MATCH FOUND] scripts={'check_gateway_connectivity': 'scripts/network/gateway_ping_check.sh'}
2026-05-19 06:56:06,266 | INFO | [NODE] identify_alert_action_node END
2026-05-19 06:56:06,267 | INFO | [AGENT ROUTER] network_diagnostics_agent
2026-05-19 06:56:06,269 | INFO | [NODE] login_node START
2026-05-19 06:56:06,531 | INFO | [LOGIN STATUS] Host=gcp-itfx-prod.cloud.com Success=True
2026-05-19 06:56:06,531 | INFO | [NODE] login_node END
2026-05-19 06:56:06,533 | INFO | [NODE] script_executed_node START
2026-05-19 06:56:06,533 | INFO | [SCRIPTS TO EXECUTE] {'check_gateway_connectivity': 'scripts/network/gateway_ping_check.sh'}
2026-05-19 06:56:06,535 | INFO | [NETWORK AGENT] Running diagnostics
2026-05-19 06:56:06,536 | INFO | [EXECUTING SCRIPT] ScriptNo=1 Container=gcp-itfx-prod.cloud.com Action=check_gateway_connectivity Script=scripts/network/gateway_ping_check.sh
2026-05-19 06:56:06,830 | INFO | [SCRIPT COMPLETED] ScriptNo=1 Action=check_gateway_connectivity ExitCode=0
2026-05-19 06:56:06,831 | INFO | [AGENT OUTPUT] {'check_gateway_connectivity': {'script_no': 1, 'status': 'success', 'container': 'gcp-itfx-prod.cloud.com', 'script': 'scripts/network/gateway_ping_check.sh', 'stdout': '', 'stderr': 'sh: \n: not found\nsh: \n: not found\nsh: \n: not found\nsh: \n: not found\nsh: \n: not found\nsh: \n: not found\nsh: \n: not found\nsh: \n: not found\nsh: \n: not found\nsh: \n: not found\nsh: \n: not found\n', 'return_code': 0}}
2026-05-19 06:56:06,832 | INFO | [NODE] script_executed_node END
2026-05-19 06:57:55,111 | INFO | [RUN] Workflow started
